0 info it worked if it ends with ok
1 verbose cli [ '/usr/bin/node', '/usr/bin/npm', 'run', 'dev' ]
2 info using npm@3.5.2
3 info using node@v8.10.0
4 verbose run-script [ 'predev', 'dev', 'postdev' ]
5 info lifecycle personal-website-frontend@1.0.0~predev: personal-website-frontend@1.0.0
6 silly lifecycle personal-website-frontend@1.0.0~predev: no script for predev, continuing
7 info lifecycle personal-website-frontend@1.0.0~dev: personal-website-frontend@1.0.0
8 verbose lifecycle personal-website-frontend@1.0.0~dev: unsafe-perm in lifecycle true
9 verbose lifecycle personal-website-frontend@1.0.0~dev: PATH: /usr/share/npm/bin/node-gyp-bin:/mnt/d/old_desktop/personal-website/node_modules/.bin:/home/kushan/miniconda3/bin:/home/kushan/miniconda3/condabin:/usr/local/sbin:/usr/local/bin:/usr/sbin:/usr/bin:/sbin:/bin:/usr/games:/usr/local/games:/mnt/c/Python38/Scripts:/mnt/c/Python38:/mnt/c/Program Files/NVIDIA GPU Computing Toolkit/CUDA/v10.2/bin:/mnt/c/Program Files/NVIDIA GPU Computing Toolkit/CUDA/v10.2/libnvvp:/mnt/c/Windows/system32:/mnt/c/Windows:/mnt/c/Windows/System32/Wbem:/mnt/c/Windows/System32/WindowsPowerShell/v1.0:/mnt/c/Windows/System32/OpenSSH:/mnt/c/Program Files/Microsoft SQL Server/120/Tools/Binn:/mnt/c/Program Files/Microsoft VS Code/bin:/mnt/c/Program Files/NVIDIA Corporation/Nsight Compute 2019.5.0:/mnt/c/Program Files (x86)/NVIDIA Corporation/PhysX/Common:/mnt/c/Program Files/NVIDIA Corporation/NVIDIA NvDLISR:/mnt/c/Program Files/Git/cmd:/mnt/c/ProgramData/chocolatey/bin:/mnt/c/Program Files/nodejs:/mnt/c/WINDOWS/system32:/mnt/c/WINDOWS:/mnt/c/WINDOWS/System32/Wbem:/mnt/c/WINDOWS/System32/WindowsPowerShell/v1.0:/mnt/c/WINDOWS/System32/OpenSSH:/mnt/c/Program Files (x86)/Yarn/bin:/mnt/c/Program Files/dotnet:/mnt/c/Program Files (x86)/Intel/Intel(R) Management Engine Components/DAL:/mnt/c/Program Files/Intel/Intel(R) Management Engine Components/DAL:/mnt/c/Users/kushan/AppData/Local/Microsoft/WindowsApps:/mnt/c/Program Files/JetBrains/PyCharm Community Edition 2019.3.4/bin:/mnt/c/Users/kushan/AppData/Roaming/npm:/mnt/c/Users/kushan/AppData/Local/Yarn/bin:/mnt/c/Program Files/heroku/bin
10 verbose lifecycle personal-website-frontend@1.0.0~dev: CWD: /mnt/d/old_desktop/personal-website
11 silly lifecycle personal-website-frontend@1.0.0~dev: Args: [ '-c', 'next' ]
12 silly lifecycle personal-website-frontend@1.0.0~dev: Returned: code: 1  signal: null
13 info lifecycle personal-website-frontend@1.0.0~dev: Failed to exec dev script
14 verbose stack Error: personal-website-frontend@1.0.0 dev: `next`
14 verbose stack Exit status 1
14 verbose stack     at EventEmitter.<anonymous> (/usr/share/npm/lib/utils/lifecycle.js:232:16)
14 verbose stack     at emitTwo (events.js:126:13)
14 verbose stack     at EventEmitter.emit (events.js:214:7)
14 verbose stack     at ChildProcess.<anonymous> (/usr/share/npm/lib/utils/spawn.js:24:14)
14 verbose stack     at emitTwo (events.js:126:13)
14 verbose stack     at ChildProcess.emit (events.js:214:7)
14 verbose stack     at maybeClose (internal/child_process.js:925:16)
14 verbose stack     at Process.ChildProcess._handle.onexit (internal/child_process.js:209:5)
15 verbose pkgid personal-website-frontend@1.0.0
16 verbose cwd /mnt/d/old_desktop/personal-website
17 error Linux 4.19.121-microsoft-standard
18 error argv "/usr/bin/node" "/usr/bin/npm" "run" "dev"
19 error node v8.10.0
20 error npm  v3.5.2
21 error code ELIFECYCLE
22 error personal-website-frontend@1.0.0 dev: `next`
22 error Exit status 1
23 error Failed at the personal-website-frontend@1.0.0 dev script 'next'.
23 error Make sure you have the latest version of node.js and npm installed.
23 error If you do, this is most likely a problem with the personal-website-frontend package,
23 error not with npm itself.
23 error Tell the author that this fails on your system:
23 error     next
23 error You can get information on how to open an issue for this project with:
23 error     npm bugs personal-website-frontend
23 error Or if that isn't available, you can get their info via:
23 error     npm owner ls personal-website-frontend
23 error There is likely additional logging output above.
24 verbose exit [ 1, true ]
